<?xml version="1.0" encoding="UTF-8"?>
<testsuite name="team.project.itda.ItdaApplicationTests" tests="1" skipped="0" failures="0" errors="0" timestamp="2023-12-29T08:11:10" hostname="DESKTOP-D9OT80O" time="0.537">
  <properties/>
  <testcase name="contextLoads()" classname="team.project.itda.ItdaApplicationTests" time="0.537"/>
  <system-out><![CDATA[17:11:05.594 [Test worker] INFO org.springframework.test.context.support.AnnotationConfigContextLoaderUtils -- Could not detect default configuration classes for test class [team.project.itda.ItdaApplicationTests]: ItdaApplicationTests does not declare any static, non-private, non-final, nested classes annotated with @Configuration.
17:11:05.732 [Test worker] INFO org.springframework.boot.test.context.SpringBootTestContextBootstrapper -- Found @SpringBootConfiguration Team.project.itda.ItdaApplication for test class team.project.itda.ItdaApplicationTests

  .   ____          _            __ _ _
 /\\ / ___'_ __ _ _(_)_ __  __ _ \ \ \ \
( ( )\___ | '_ | '_| | '_ \/ _` | \ \ \ \
 \\/  ___)| |_)| | | | | || (_| |  ) ) ) )
  '  |____| .__|_| |_|_| |_\__, | / / / /
 =========|_|==============|___/=/_/_/_/
 :: Spring Boot ::                (v3.2.0)

2023-12-29T17:11:06.350+09:00  INFO 6912 --- [    Test worker] team.project.itda.ItdaApplicationTests   : Starting ItdaApplicationTests using Java 17.0.9 with PID 6912 (started by jayji in C:\Users\jayji\OneDrive\바탕 화면\팀 프로젝트\4차 프로젝트\ItdaAgainProject\SpringBoot\Introduce)
2023-12-29T17:11:06.351+09:00  INFO 6912 --- [    Test worker] team.project.itda.ItdaApplicationTests   : No active profile set, falling back to 1 default profile: "default"
2023-12-29T17:11:07.367+09:00  INFO 6912 --- [    Test worker] .s.d.r.c.RepositoryConfigurationDelegate : Bootstrapping Spring Data JPA repositories in DEFAULT mode.
2023-12-29T17:11:07.442+09:00  INFO 6912 --- [    Test worker] .s.d.r.c.RepositoryConfigurationDelegate : Finished Spring Data repository scanning in 65 ms. Found 1 JPA repository interface.
2023-12-29T17:11:07.972+09:00  INFO 6912 --- [    Test worker] o.hibernate.jpa.internal.util.LogHelper  : HHH000204: Processing PersistenceUnitInfo [name: default]
2023-12-29T17:11:08.067+09:00  INFO 6912 --- [    Test worker] org.hibernate.Version                    : HHH000412: Hibernate ORM core version 6.3.1.Final
2023-12-29T17:11:08.125+09:00  INFO 6912 --- [    Test worker] o.h.c.internal.RegionFactoryInitiator    : HHH000026: Second-level cache disabled
2023-12-29T17:11:08.239+09:00 DEBUG 6912 --- [    Test worker] org.hibernate.type.BasicTypeRegistry     : Adding type registration boolean -> org.hibernate.type.BasicTypeReference@5ab7ac02
2023-12-29T17:11:08.239+09:00 DEBUG 6912 --- [    Test worker] org.hibernate.type.BasicTypeRegistry     : Adding type registration boolean -> org.hibernate.type.BasicTypeReference@5ab7ac02
2023-12-29T17:11:08.239+09:00 DEBUG 6912 --- [    Test worker] org.hibernate.type.BasicTypeRegistry     : Adding type registration java.lang.Boolean -> org.hibernate.type.BasicTypeReference@5ab7ac02
2023-12-29T17:11:08.239+09:00 DEBUG 6912 --- [    Test worker] org.hibernate.type.BasicTypeRegistry     : Adding type registration numeric_boolean -> org.hibernate.type.BasicTypeReference@4abbe41c
2023-12-29T17:11:08.239+09:00 DEBUG 6912 --- [    Test worker] org.hibernate.type.BasicTypeRegistry     : Adding type registration org.hibernate.type.NumericBooleanConverter -> org.hibernate.type.BasicTypeReference@4abbe41c
2023-12-29T17:11:08.239+09:00 DEBUG 6912 --- [    Test worker] org.hibernate.type.BasicTypeRegistry     : Adding type registration true_false -> org.hibernate.type.BasicTypeReference@4fad51a3
2023-12-29T17:11:08.240+09:00 DEBUG 6912 --- [    Test worker] org.hibernate.type.BasicTypeRegistry     : Adding type registration org.hibernate.type.TrueFalseConverter -> org.hibernate.type.BasicTypeReference@4fad51a3
2023-12-29T17:11:08.240+09:00 DEBUG 6912 --- [    Test worker] org.hibernate.type.BasicTypeRegistry     : Adding type registration yes_no -> org.hibernate.type.BasicTypeReference@6d7b2319
2023-12-29T17:11:08.240+09:00 DEBUG 6912 --- [    Test worker] org.hibernate.type.BasicTypeRegistry     : Adding type registration org.hibernate.type.YesNoConverter -> org.hibernate.type.BasicTypeReference@6d7b2319
2023-12-29T17:11:08.240+09:00 DEBUG 6912 --- [    Test worker] org.hibernate.type.BasicTypeRegistry     : Adding type registration byte -> org.hibernate.type.BasicTypeReference@acb5508
2023-12-29T17:11:08.240+09:00 DEBUG 6912 --- [    Test worker] org.hibernate.type.BasicTypeRegistry     : Adding type registration byte -> org.hibernate.type.BasicTypeReference@acb5508
2023-12-29T17:11:08.240+09:00 DEBUG 6912 --- [    Test worker] org.hibernate.type.BasicTypeRegistry     : Adding type registration java.lang.Byte -> org.hibernate.type.BasicTypeReference@acb5508
2023-12-29T17:11:08.241+09:00 DEBUG 6912 --- [    Test worker] org.hibernate.type.BasicTypeRegistry     : Adding type registration binary -> org.hibernate.type.BasicTypeReference@1f45db49
2023-12-29T17:11:08.241+09:00 DEBUG 6912 --- [    Test worker] org.hibernate.type.BasicTypeRegistry     : Adding type registration byte[] -> org.hibernate.type.BasicTypeReference@1f45db49
2023-12-29T17:11:08.241+09:00 DEBUG 6912 --- [    Test worker] org.hibernate.type.BasicTypeRegistry     : Adding type registration [B -> org.hibernate.type.BasicTypeReference@1f45db49
2023-12-29T17:11:08.241+09:00 DEBUG 6912 --- [    Test worker] org.hibernate.type.BasicTypeRegistry     : Adding type registration binary_wrapper -> org.hibernate.type.BasicTypeReference@5e24592e
2023-12-29T17:11:08.241+09:00 DEBUG 6912 --- [    Test worker] org.hibernate.type.BasicTypeRegistry     : Adding type registration wrapper-binary -> org.hibernate.type.BasicTypeReference@5e24592e
2023-12-29T17:11:08.241+09:00 DEBUG 6912 --- [    Test worker] org.hibernate.type.BasicTypeRegistry     : Adding type registration image -> org.hibernate.type.BasicTypeReference@6f0a4e30
2023-12-29T17:11:08.241+09:00 DEBUG 6912 --- [    Test worker] org.hibernate.type.BasicTypeRegistry     : Adding type registration blob -> org.hibernate.type.BasicTypeReference@50ff7063
2023-12-29T17:11:08.241+09:00 DEBUG 6912 --- [    Test worker] org.hibernate.type.BasicTypeRegistry     : Adding type registration java.sql.Blob -> org.hibernate.type.BasicTypeReference@50ff7063
2023-12-29T17:11:08.241+09:00 DEBUG 6912 --- [    Test worker] org.hibernate.type.BasicTypeRegistry     : Adding type registration materialized_blob -> org.hibernate.type.BasicTypeReference@67a8bcbb
2023-12-29T17:11:08.242+09:00 DEBUG 6912 --- [    Test worker] org.hibernate.type.BasicTypeRegistry     : Adding type registration materialized_blob_wrapper -> org.hibernate.type.BasicTypeReference@1bb96449
2023-12-29T17:11:08.242+09:00 DEBUG 6912 --- [    Test worker] org.hibernate.type.BasicTypeRegistry     : Adding type registration short -> org.hibernate.type.BasicTypeReference@26ffd2c0
2023-12-29T17:11:08.242+09:00 DEBUG 6912 --- [    Test worker] org.hibernate.type.BasicTypeRegistry     : Adding type registration short -> org.hibernate.type.BasicTypeReference@26ffd2c0
2023-12-29T17:11:08.242+09:00 DEBUG 6912 --- [    Test worker] org.hibernate.type.BasicTypeRegistry     : Adding type registration java.lang.Short -> org.hibernate.type.BasicTypeReference@26ffd2c0
2023-12-29T17:11:08.242+09:00 DEBUG 6912 --- [    Test worker] org.hibernate.type.BasicTypeRegistry     : Adding type registration integer -> org.hibernate.type.BasicTypeReference@d28c214
2023-12-29T17:11:08.242+09:00 DEBUG 6912 --- [    Test worker] org.hibernate.type.BasicTypeRegistry     : Adding type registration int -> org.hibernate.type.BasicTypeReference@d28c214
2023-12-29T17:11:08.242+09:00 DEBUG 6912 --- [    Test worker] org.hibernate.type.BasicTypeRegistry     : Adding type registration java.lang.Integer -> org.hibernate.type.BasicTypeReference@d28c214
2023-12-29T17:11:08.242+09:00 DEBUG 6912 --- [    Test worker] org.hibernate.type.BasicTypeRegistry     : Adding type registration long -> org.hibernate.type.BasicTypeReference@2fc7fa6e
2023-12-29T17:11:08.242+09:00 DEBUG 6912 --- [    Test worker] org.hibernate.type.BasicTypeRegistry     : Adding type registration long -> org.hibernate.type.BasicTypeReference@2fc7fa6e
2023-12-29T17:11:08.242+09:00 DEBUG 6912 --- [    Test worker] org.hibernate.type.BasicTypeRegistry     : Adding type registration java.lang.Long -> org.hibernate.type.BasicTypeReference@2fc7fa6e
2023-12-29T17:11:08.243+09:00 DEBUG 6912 --- [    Test worker] org.hibernate.type.BasicTypeRegistry     : Adding type registration float -> org.hibernate.type.BasicTypeReference@7f8c48f3
2023-12-29T17:11:08.243+09:00 DEBUG 6912 --- [    Test worker] org.hibernate.type.BasicTypeRegistry     : Adding type registration float -> org.hibernate.type.BasicTypeReference@7f8c48f3
2023-12-29T17:11:08.243+09:00 DEBUG 6912 --- [    Test worker] org.hibernate.type.BasicTypeRegistry     : Adding type registration java.lang.Float -> org.hibernate.type.BasicTypeReference@7f8c48f3
2023-12-29T17:11:08.243+09:00 DEBUG 6912 --- [    Test worker] org.hibernate.type.BasicTypeRegistry     : Adding type registration double -> org.hibernate.type.BasicTypeReference@273dec10
2023-12-29T17:11:08.243+09:00 DEBUG 6912 --- [    Test worker] org.hibernate.type.BasicTypeRegistry     : Adding type registration double -> org.hibernate.type.BasicTypeReference@273dec10
2023-12-29T17:11:08.243+09:00 DEBUG 6912 --- [    Test worker] org.hibernate.type.BasicTypeRegistry     : Adding type registration java.lang.Double -> org.hibernate.type.BasicTypeReference@273dec10
2023-12-29T17:11:08.243+09:00 DEBUG 6912 --- [    Test worker] org.hibernate.type.BasicTypeRegistry     : Adding type registration big_integer -> org.hibernate.type.BasicTypeReference@6cceb281
2023-12-29T17:11:08.243+09:00 DEBUG 6912 --- [    Test worker] org.hibernate.type.BasicTypeRegistry     : Adding type registration java.math.BigInteger -> org.hibernate.type.BasicTypeReference@6cceb281
2023-12-29T17:11:08.244+09:00 DEBUG 6912 --- [    Test worker] org.hibernate.type.BasicTypeRegistry     : Adding type registration big_decimal -> org.hibernate.type.BasicTypeReference@7cca31fc
2023-12-29T17:11:08.244+09:00 DEBUG 6912 --- [    Test worker] org.hibernate.type.BasicTypeRegistry     : Adding type registration java.math.BigDecimal -> org.hibernate.type.BasicTypeReference@7cca31fc
2023-12-29T17:11:08.244+09:00 DEBUG 6912 --- [    Test worker] org.hibernate.type.BasicTypeRegistry     : Adding type registration character -> org.hibernate.type.BasicTypeReference@619c3546
2023-12-29T17:11:08.244+09:00 DEBUG 6912 --- [    Test worker] org.hibernate.type.BasicTypeRegistry     : Adding type registration char -> org.hibernate.type.BasicTypeReference@619c3546
2023-12-29T17:11:08.244+09:00 DEBUG 6912 --- [    Test worker] org.hibernate.type.BasicTypeRegistry     : Adding type registration java.lang.Character -> org.hibernate.type.BasicTypeReference@619c3546
2023-12-29T17:11:08.244+09:00 DEBUG 6912 --- [    Test worker] org.hibernate.type.BasicTypeRegistry     : Adding type registration character_nchar -> org.hibernate.type.BasicTypeReference@29090809
2023-12-29T17:11:08.244+09:00 DEBUG 6912 --- [    Test worker] org.hibernate.type.BasicTypeRegistry     : Adding type registration string -> org.hibernate.type.BasicTypeReference@30cafd13
2023-12-29T17:11:08.245+09:00 DEBUG 6912 --- [    Test worker] org.hibernate.type.BasicTypeRegistry     : Adding type registration java.lang.String -> org.hibernate.type.BasicTypeReference@30cafd13
2023-12-29T17:11:08.245+09:00 DEBUG 6912 --- [    Test worker] org.hibernate.type.BasicTypeRegistry     : Adding type registration nstring -> org.hibernate.type.BasicTypeReference@1d226f27
2023-12-29T17:11:08.245+09:00 DEBUG 6912 --- [    Test worker] org.hibernate.type.BasicTypeRegistry     : Adding type registration characters -> org.hibernate.type.BasicTypeReference@1d944fc0
2023-12-29T17:11:08.245+09:00 DEBUG 6912 --- [    Test worker] org.hibernate.type.BasicTypeRegistry     : Adding type registration char[] -> org.hibernate.type.BasicTypeReference@1d944fc0
2023-12-29T17:11:08.245+09:00 DEBUG 6912 --- [    Test worker] org.hibernate.type.BasicTypeRegistry     : Adding type registration [C -> org.hibernate.type.BasicTypeReference@1d944fc0
2023-12-29T17:11:08.245+09:00 DEBUG 6912 --- [    Test worker] org.hibernate.type.BasicTypeRegistry     : Adding type registration wrapper-characters -> org.hibernate.type.BasicTypeReference@7c3c453b
2023-12-29T17:11:08.245+09:00 DEBUG 6912 --- [    Test worker] org.hibernate.type.BasicTypeRegistry     : Adding type registration text -> org.hibernate.type.BasicTypeReference@1b791dca
2023-12-29T17:11:08.245+09:00 DEBUG 6912 --- [    Test worker] org.hibernate.type.BasicTypeRegistry     : Adding type registration ntext -> org.hibernate.type.BasicTypeReference@15ac02d5
2023-12-29T17:11:08.245+09:00 DEBUG 6912 --- [    Test worker] org.hibernate.type.BasicTypeRegistry     : Adding type registration clob -> org.hibernate.type.BasicTypeReference@2af9a5ef
2023-12-29T17:11:08.245+09:00 DEBUG 6912 --- [    Test worker] org.hibernate.type.BasicTypeRegistry     : Adding type registration java.sql.Clob -> org.hibernate.type.BasicTypeReference@2af9a5ef
2023-12-29T17:11:08.245+09:00 DEBUG 6912 --- [    Test worker] org.hibernate.type.BasicTypeRegistry     : Adding type registration nclob -> org.hibernate.type.BasicTypeReference@34f23816
2023-12-29T17:11:08.246+09:00 DEBUG 6912 --- [    Test worker] org.hibernate.type.BasicTypeRegistry     : Adding type registration java.sql.NClob -> org.hibernate.type.BasicTypeReference@34f23816
2023-12-29T17:11:08.246+09:00 DEBUG 6912 --- [    Test worker] org.hibernate.type.BasicTypeRegistry     : Adding type registration materialized_clob -> org.hibernate.type.BasicTypeReference@6736f40f
2023-12-29T17:11:08.246+09:00 DEBUG 6912 --- [    Test worker] org.hibernate.type.BasicTypeRegistry     : Adding type registration materialized_clob_char_array -> org.hibernate.type.BasicTypeReference@12f9f896
2023-12-29T17:11:08.246+09:00 DEBUG 6912 --- [    Test worker] org.hibernate.type.BasicTypeRegistry     : Adding type registration materialized_clob_character_array -> org.hibernate.type.BasicTypeReference@7548e1fb
2023-12-29T17:11:08.246+09:00 DEBUG 6912 --- [    Test worker] org.hibernate.type.BasicTypeRegistry     : Adding type registration materialized_nclob -> org.hibernate.type.BasicTypeReference@505f45cc
2023-12-29T17:11:08.246+09:00 DEBUG 6912 --- [    Test worker] org.hibernate.type.BasicTypeRegistry     : Adding type registration materialized_nclob_character_array -> org.hibernate.type.BasicTypeReference@994544
2023-12-29T17:11:08.246+09:00 DEBUG 6912 --- [    Test worker] org.hibernate.type.BasicTypeRegistry     : Adding type registration materialized_nclob_char_array -> org.hibernate.type.BasicTypeReference@5df92089
2023-12-29T17:11:08.247+09:00 DEBUG 6912 --- [    Test worker] org.hibernate.type.BasicTypeRegistry     : Adding type registration Duration -> org.hibernate.type.BasicTypeReference@6f0c45f4
2023-12-29T17:11:08.247+09:00 DEBUG 6912 --- [    Test worker] org.hibernate.type.BasicTypeRegistry     : Adding type registration java.time.Duration -> org.hibernate.type.BasicTypeReference@6f0c45f4
2023-12-29T17:11:08.247+09:00 DEBUG 6912 --- [    Test worker] org.hibernate.type.BasicTypeRegistry     : Adding type registration LocalDateTime -> org.hibernate.type.BasicTypeReference@45571cfc
2023-12-29T17:11:08.247+09:00 DEBUG 6912 --- [    Test worker] org.hibernate.type.BasicTypeRegistry     : Adding type registration java.time.LocalDateTime -> org.hibernate.type.BasicTypeReference@45571cfc
2023-12-29T17:11:08.247+09:00 DEBUG 6912 --- [    Test worker] org.hibernate.type.BasicTypeRegistry     : Adding type registration LocalDate -> org.hibernate.type.BasicTypeReference@faec277
2023-12-29T17:11:08.247+09:00 DEBUG 6912 --- [    Test worker] org.hibernate.type.BasicTypeRegistry     : Adding type registration java.time.LocalDate -> org.hibernate.type.BasicTypeReference@faec277
2023-12-29T17:11:08.247+09:00 DEBUG 6912 --- [    Test worker] org.hibernate.type.BasicTypeRegistry     : Adding type registration LocalTime -> org.hibernate.type.BasicTypeReference@1b475663
2023-12-29T17:11:08.247+09:00 DEBUG 6912 --- [    Test worker] org.hibernate.type.BasicTypeRegistry     : Adding type registration java.time.LocalTime -> org.hibernate.type.BasicTypeReference@1b475663
2023-12-29T17:11:08.247+09:00 DEBUG 6912 --- [    Test worker] org.hibernate.type.BasicTypeRegistry     : Adding type registration OffsetDateTime -> org.hibernate.type.BasicTypeReference@1669931a
2023-12-29T17:11:08.247+09:00 DEBUG 6912 --- [    Test worker] org.hibernate.type.BasicTypeRegistry     : Adding type registration java.time.OffsetDateTime -> org.hibernate.type.BasicTypeReference@1669931a
2023-12-29T17:11:08.247+09:00 DEBUG 6912 --- [    Test worker] org.hibernate.type.BasicTypeRegistry     : Adding type registration OffsetDateTimeWithTimezone -> org.hibernate.type.BasicTypeReference@6b24ddd7
2023-12-29T17:11:08.247+09:00 DEBUG 6912 --- [    Test worker] org.hibernate.type.BasicTypeRegistry     : Adding type registration OffsetDateTimeWithoutTimezone -> org.hibernate.type.BasicTypeReference@12e007be
2023-12-29T17:11:08.247+09:00 DEBUG 6912 --- [    Test worker] org.hibernate.type.BasicTypeRegistry     : Adding type registration OffsetTime -> org.hibernate.type.BasicTypeReference@3335afcf
2023-12-29T17:11:08.247+09:00 DEBUG 6912 --- [    Test worker] org.hibernate.type.BasicTypeRegistry     : Adding type registration java.time.OffsetTime -> org.hibernate.type.BasicTypeReference@3335afcf
2023-12-29T17:11:08.248+09:00 DEBUG 6912 --- [    Test worker] org.hibernate.type.BasicTypeRegistry     : Adding type registration OffsetTimeUtc -> org.hibernate.type.BasicTypeReference@699e0bf0
2023-12-29T17:11:08.248+09:00 DEBUG 6912 --- [    Test worker] org.hibernate.type.BasicTypeRegistry     : Adding type registration OffsetTimeWithTimezone -> org.hibernate.type.BasicTypeReference@2499b971
2023-12-29T17:11:08.248+09:00 DEBUG 6912 --- [    Test worker] org.hibernate.type.BasicTypeRegistry     : Adding type registration OffsetTimeWithoutTimezone -> org.hibernate.type.BasicTypeReference@36d697ab
2023-12-29T17:11:08.248+09:00 DEBUG 6912 --- [    Test worker] org.hibernate.type.BasicTypeRegistry     : Adding type registration ZonedDateTime -> org.hibernate.type.BasicTypeReference@28831d69
2023-12-29T17:11:08.248+09:00 DEBUG 6912 --- [    Test worker] org.hibernate.type.BasicTypeRegistry     : Adding type registration java.time.ZonedDateTime -> org.hibernate.type.BasicTypeReference@28831d69
2023-12-29T17:11:08.248+09:00 DEBUG 6912 --- [    Test worker] org.hibernate.type.BasicTypeRegistry     : Adding type registration ZonedDateTimeWithTimezone -> org.hibernate.type.BasicTypeReference@315b4202
2023-12-29T17:11:08.248+09:00 DEBUG 6912 --- [    Test worker] org.hibernate.type.BasicTypeRegistry     : Adding type registration ZonedDateTimeWithoutTimezone -> org.hibernate.type.BasicTypeReference@58e03769
2023-12-29T17:11:08.248+09:00 DEBUG 6912 --- [    Test worker] org.hibernate.type.BasicTypeRegistry     : Adding type registration date -> org.hibernate.type.BasicTypeReference@5a899811
2023-12-29T17:11:08.248+09:00 DEBUG 6912 --- [    Test worker] org.hibernate.type.BasicTypeRegistry     : Adding type registration java.sql.Date -> org.hibernate.type.BasicTypeReference@5a899811
2023-12-29T17:11:08.248+09:00 DEBUG 6912 --- [    Test worker] org.hibernate.type.BasicTypeRegistry     : Adding type registration time -> org.hibernate.type.BasicTypeReference@6a51ae7c
2023-12-29T17:11:08.248+09:00 DEBUG 6912 --- [    Test worker] org.hibernate.type.BasicTypeRegistry     : Adding type registration java.sql.Time -> org.hibernate.type.BasicTypeReference@6a51ae7c
2023-12-29T17:11:08.248+09:00 DEBUG 6912 --- [    Test worker] org.hibernate.type.BasicTypeRegistry     : Adding type registration timestamp -> org.hibernate.type.BasicTypeReference@171aa66
2023-12-29T17:11:08.248+09:00 DEBUG 6912 --- [    Test worker] org.hibernate.type.BasicTypeRegistry     : Adding type registration java.sql.Timestamp -> org.hibernate.type.BasicTypeReference@171aa66
2023-12-29T17:11:08.248+09:00 DEBUG 6912 --- [    Test worker] org.hibernate.type.BasicTypeRegistry     : Adding type registration java.util.Date -> org.hibernate.type.BasicTypeReference@171aa66
2023-12-29T17:11:08.249+09:00 DEBUG 6912 --- [    Test worker] org.hibernate.type.BasicTypeRegistry     : Adding type registration calendar -> org.hibernate.type.BasicTypeReference@58739e5e
2023-12-29T17:11:08.249+09:00 DEBUG 6912 --- [    Test worker] org.hibernate.type.BasicTypeRegistry     : Adding type registration java.util.Calendar -> org.hibernate.type.BasicTypeReference@58739e5e
2023-12-29T17:11:08.249+09:00 DEBUG 6912 --- [    Test worker] org.hibernate.type.BasicTypeRegistry     : Adding type registration java.util.GregorianCalendar -> org.hibernate.type.BasicTypeReference@58739e5e
2023-12-29T17:11:08.249+09:00 DEBUG 6912 --- [    Test worker] org.hibernate.type.BasicTypeRegistry     : Adding type registration calendar_date -> org.hibernate.type.BasicTypeReference@4e2cdc51
2023-12-29T17:11:08.249+09:00 DEBUG 6912 --- [    Test worker] org.hibernate.type.BasicTypeRegistry     : Adding type registration calendar_time -> org.hibernate.type.BasicTypeReference@2969a9a6
2023-12-29T17:11:08.249+09:00 DEBUG 6912 --- [    Test worker] org.hibernate.type.BasicTypeRegistry     : Adding type registration instant -> org.hibernate.type.BasicTypeReference@25470477
2023-12-29T17:11:08.249+09:00 DEBUG 6912 --- [    Test worker] org.hibernate.type.BasicTypeRegistry     : Adding type registration java.time.Instant -> org.hibernate.type.BasicTypeReference@25470477
2023-12-29T17:11:08.249+09:00 DEBUG 6912 --- [    Test worker] org.hibernate.type.BasicTypeRegistry     : Adding type registration uuid -> org.hibernate.type.BasicTypeReference@6182ffef
2023-12-29T17:11:08.249+09:00 DEBUG 6912 --- [    Test worker] org.hibernate.type.BasicTypeRegistry     : Adding type registration java.util.UUID -> org.hibernate.type.BasicTypeReference@6182ffef
2023-12-29T17:11:08.249+09:00 DEBUG 6912 --- [    Test worker] org.hibernate.type.BasicTypeRegistry     : Adding type registration pg-uuid -> org.hibernate.type.BasicTypeReference@6182ffef
2023-12-29T17:11:08.249+09:00 DEBUG 6912 --- [    Test worker] org.hibernate.type.BasicTypeRegistry     : Adding type registration uuid-binary -> org.hibernate.type.BasicTypeReference@49e479da
2023-12-29T17:11:08.249+09:00 DEBUG 6912 --- [    Test worker] org.hibernate.type.BasicTypeRegistry     : Adding type registration uuid-char -> org.hibernate.type.BasicTypeReference@2d24cdd9
2023-12-29T17:11:08.249+09:00 DEBUG 6912 --- [    Test worker] org.hibernate.type.BasicTypeRegistry     : Adding type registration class -> org.hibernate.type.BasicTypeReference@30dd00b6
2023-12-29T17:11:08.249+09:00 DEBUG 6912 --- [    Test worker] org.hibernate.type.BasicTypeRegistry     : Adding type registration java.lang.Class -> org.hibernate.type.BasicTypeReference@30dd00b6
2023-12-29T17:11:08.250+09:00 DEBUG 6912 --- [    Test worker] org.hibernate.type.BasicTypeRegistry     : Adding type registration currency -> org.hibernate.type.BasicTypeReference@4656fcc5
2023-12-29T17:11:08.250+09:00 DEBUG 6912 --- [    Test worker] org.hibernate.type.BasicTypeRegistry     : Adding type registration Currency -> org.hibernate.type.BasicTypeReference@4656fcc5
2023-12-29T17:11:08.250+09:00 DEBUG 6912 --- [    Test worker] org.hibernate.type.BasicTypeRegistry     : Adding type registration java.util.Currency -> org.hibernate.type.BasicTypeReference@4656fcc5
2023-12-29T17:11:08.250+09:00 DEBUG 6912 --- [    Test worker] org.hibernate.type.BasicTypeRegistry     : Adding type registration locale -> org.hibernate.type.BasicTypeReference@2c16677c
2023-12-29T17:11:08.250+09:00 DEBUG 6912 --- [    Test worker] org.hibernate.type.BasicTypeRegistry     : Adding type registration java.util.Locale -> org.hibernate.type.BasicTypeReference@2c16677c
2023-12-29T17:11:08.250+09:00 DEBUG 6912 --- [    Test worker] org.hibernate.type.BasicTypeRegistry     : Adding type registration serializable -> org.hibernate.type.BasicTypeReference@27d73d22
2023-12-29T17:11:08.250+09:00 DEBUG 6912 --- [    Test worker] org.hibernate.type.BasicTypeRegistry     : Adding type registration java.io.Serializable -> org.hibernate.type.BasicTypeReference@27d73d22
2023-12-29T17:11:08.250+09:00 DEBUG 6912 --- [    Test worker] org.hibernate.type.BasicTypeRegistry     : Adding type registration timezone -> org.hibernate.type.BasicTypeReference@7fd751de
2023-12-29T17:11:08.250+09:00 DEBUG 6912 --- [    Test worker] org.hibernate.type.BasicTypeRegistry     : Adding type registration java.util.TimeZone -> org.hibernate.type.BasicTypeReference@7fd751de
2023-12-29T17:11:08.251+09:00 DEBUG 6912 --- [    Test worker] org.hibernate.type.BasicTypeRegistry     : Adding type registration ZoneOffset -> org.hibernate.type.BasicTypeReference@e162a35
2023-12-29T17:11:08.251+09:00 DEBUG 6912 --- [    Test worker] org.hibernate.type.BasicTypeRegistry     : Adding type registration java.time.ZoneOffset -> org.hibernate.type.BasicTypeReference@e162a35
2023-12-29T17:11:08.251+09:00 DEBUG 6912 --- [    Test worker] org.hibernate.type.BasicTypeRegistry     : Adding type registration url -> org.hibernate.type.BasicTypeReference@1124910c
2023-12-29T17:11:08.251+09:00 DEBUG 6912 --- [    Test worker] org.hibernate.type.BasicTypeRegistry     : Adding type registration java.net.URL -> org.hibernate.type.BasicTypeReference@1124910c
2023-12-29T17:11:08.251+09:00 DEBUG 6912 --- [    Test worker] org.hibernate.type.BasicTypeRegistry     : Adding type registration row_version -> org.hibernate.type.BasicTypeReference@f849027
2023-12-29T17:11:08.257+09:00 DEBUG 6912 --- [    Test worker] org.hibernate.type.BasicTypeRegistry     : Adding type registration object -> org.hibernate.type.JavaObjectType@27d98bef
2023-12-29T17:11:08.257+09:00 DEBUG 6912 --- [    Test worker] org.hibernate.type.BasicTypeRegistry     : Adding type registration java.lang.Object -> org.hibernate.type.JavaObjectType@27d98bef
2023-12-29T17:11:08.258+09:00 DEBUG 6912 --- [    Test worker] org.hibernate.type.BasicTypeRegistry     : Adding type registration null -> org.hibernate.type.NullType@149d7cc6
2023-12-29T17:11:08.259+09:00 DEBUG 6912 --- [    Test worker] org.hibernate.type.BasicTypeRegistry     : Adding type registration imm_date -> org.hibernate.type.BasicTypeReference@1a10c47e
2023-12-29T17:11:08.259+09:00 DEBUG 6912 --- [    Test worker] org.hibernate.type.BasicTypeRegistry     : Adding type registration imm_time -> org.hibernate.type.BasicTypeReference@d49e8c6
2023-12-29T17:11:08.259+09:00 DEBUG 6912 --- [    Test worker] org.hibernate.type.BasicTypeRegistry     : Adding type registration imm_timestamp -> org.hibernate.type.BasicTypeReference@2712e8f4
2023-12-29T17:11:08.259+09:00 DEBUG 6912 --- [    Test worker] org.hibernate.type.BasicTypeRegistry     : Adding type registration imm_calendar -> org.hibernate.type.BasicTypeReference@5896cb9c
2023-12-29T17:11:08.259+09:00 DEBUG 6912 --- [    Test worker] org.hibernate.type.BasicTypeRegistry     : Adding type registration imm_calendar_date -> org.hibernate.type.BasicTypeReference@44b9c7c4
2023-12-29T17:11:08.259+09:00 DEBUG 6912 --- [    Test worker] org.hibernate.type.BasicTypeRegistry     : Adding type registration imm_calendar_time -> org.hibernate.type.BasicTypeReference@674184d
2023-12-29T17:11:08.259+09:00 DEBUG 6912 --- [    Test worker] org.hibernate.type.BasicTypeRegistry     : Adding type registration imm_binary -> org.hibernate.type.BasicTypeReference@3611153f
2023-12-29T17:11:08.259+09:00 DEBUG 6912 --- [    Test worker] org.hibernate.type.BasicTypeRegistry     : Adding type registration imm_serializable -> org.hibernate.type.BasicTypeReference@5835e24a
2023-12-29T17:11:08.494+09:00  INFO 6912 --- [    Test worker] o.s.o.j.p.SpringPersistenceUnitInfo      : No LoadTimeWeaver setup: ignoring JPA class transformer
2023-12-29T17:11:08.537+09:00  INFO 6912 --- [    Test worker] com.zaxxer.hikari.HikariDataSource       : HikariPool-1 - Starting...
2023-12-29T17:11:08.790+09:00  INFO 6912 --- [    Test worker] com.zaxxer.hikari.pool.HikariPool        : HikariPool-1 - Added connection com.mysql.cj.jdbc.ConnectionImpl@45c408a4
2023-12-29T17:11:08.792+09:00  INFO 6912 --- [    Test worker] com.zaxxer.hikari.HikariDataSource       : HikariPool-1 - Start completed.
2023-12-29T17:11:08.855+09:00  WARN 6912 --- [    Test worker] org.hibernate.orm.deprecation            : HHH90000025: MySQLDialect does not need to be specified explicitly using 'hibernate.dialect' (remove the property setting and it will be selected by default)
2023-12-29T17:11:08.887+09:00 DEBUG 6912 --- [    Test worker] o.h.t.d.sql.spi.DdlTypeRegistry          : addDescriptor(12, org.hibernate.type.descriptor.sql.internal.CapacityDependentDdlType@4f2fdf3d) replaced previous registration(org.hibernate.type.descriptor.sql.internal.CapacityDependentDdlType@d180961)
2023-12-29T17:11:08.887+09:00 DEBUG 6912 --- [    Test worker] o.h.t.d.sql.spi.DdlTypeRegistry          : addDescriptor(-9, org.hibernate.type.descriptor.sql.internal.CapacityDependentDdlType@4af7ac25) replaced previous registration(org.hibernate.type.descriptor.sql.internal.CapacityDependentDdlType@d978ab9)
2023-12-29T17:11:08.887+09:00 DEBUG 6912 --- [    Test worker] o.h.t.d.sql.spi.DdlTypeRegistry          : addDescriptor(-3, org.hibernate.type.descriptor.sql.internal.CapacityDependentDdlType@3cf06a01) replaced previous registration(org.hibernate.type.descriptor.sql.internal.CapacityDependentDdlType@71ee2fff)
2023-12-29T17:11:08.888+09:00 DEBUG 6912 --- [    Test worker] o.h.t.d.sql.spi.DdlTypeRegistry          : addDescriptor(4003, org.hibernate.type.descriptor.sql.internal.DdlTypeImpl@68f2363) replaced previous registration(org.hibernate.type.descriptor.sql.internal.DdlTypeImpl@37fca349)
2023-12-29T17:11:08.888+09:00 DEBUG 6912 --- [    Test worker] o.h.t.d.sql.spi.DdlTypeRegistry          : addDescriptor(4001, org.hibernate.type.descriptor.sql.internal.DdlTypeImpl@86377d5) replaced previous registration(org.hibernate.type.descriptor.sql.internal.DdlTypeImpl@87220f1)
2023-12-29T17:11:08.888+09:00 DEBUG 6912 --- [    Test worker] o.h.t.d.sql.spi.DdlTypeRegistry          : addDescriptor(4002, org.hibernate.type.descriptor.sql.internal.DdlTypeImpl@77998ea7) replaced previous registration(org.hibernate.type.descriptor.sql.internal.DdlTypeImpl@252d8df6)
2023-12-29T17:11:08.888+09:00 DEBUG 6912 --- [    Test worker] o.h.t.d.sql.spi.DdlTypeRegistry          : addDescriptor(2004, org.hibernate.type.descriptor.sql.internal.CapacityDependentDdlType@36638b59) replaced previous registration(org.hibernate.type.descriptor.sql.internal.DdlTypeImpl@2f8f40cc)
2023-12-29T17:11:08.888+09:00 DEBUG 6912 --- [    Test worker] o.h.t.d.sql.spi.DdlTypeRegistry          : addDescriptor(2005, org.hibernate.type.descriptor.sql.internal.CapacityDependentDdlType@14d81f2c) replaced previous registration(org.hibernate.type.descriptor.sql.internal.DdlTypeImpl@5dd3727c)
2023-12-29T17:11:08.888+09:00 DEBUG 6912 --- [    Test worker] o.h.t.d.sql.spi.DdlTypeRegistry          : addDescriptor(2011, org.hibernate.type.descriptor.sql.internal.CapacityDependentDdlType@774013dc) replaced previous registration(org.hibernate.type.descriptor.sql.internal.DdlTypeImpl@229cb4d8)
2023-12-29T17:11:08.890+09:00 DEBUG 6912 --- [    Test worker] o.h.t.d.jdbc.spi.JdbcTypeRegistry        : addDescriptor(NCharTypeDescriptor) replaced previous registration(CharTypeDescriptor)
2023-12-29T17:11:08.890+09:00 DEBUG 6912 --- [    Test worker] o.h.t.d.jdbc.spi.JdbcTypeRegistry        : addDescriptor(NVarcharTypeDescriptor) replaced previous registration(VarcharTypeDescriptor)
2023-12-29T17:11:08.891+09:00 DEBUG 6912 --- [    Test worker] o.h.t.d.jdbc.spi.JdbcTypeRegistry        : addDescriptor(LongNVarcharTypeDescriptor) replaced previous registration(LongVarcharTypeDescriptor)
2023-12-29T17:11:08.894+09:00 DEBUG 6912 --- [    Test worker] o.h.t.d.jdbc.spi.JdbcTypeRegistry        : addDescriptor(NClobTypeDescriptor(DEFAULT)) replaced previous registration(ClobTypeDescriptor(DEFAULT))
2023-12-29T17:11:08.894+09:00 DEBUG 6912 --- [    Test worker] o.h.t.d.jdbc.spi.JdbcTypeRegistry        : addDescriptor(2005, ClobTypeDescriptor(STREAM_BINDING)) replaced previous registration(ClobTypeDescriptor(DEFAULT))
2023-12-29T17:11:08.898+09:00 DEBUG 6912 --- [    Test worker] org.hibernate.type.BasicTypeRegistry     : Adding type registration null -> org.hibernate.type.NullType@1bd59b82
2023-12-29T17:11:08.898+09:00 DEBUG 6912 --- [    Test worker] org.hibernate.type.BasicTypeRegistry     : Type registration key [null] overrode previous entry : `org.hibernate.type.NullType@149d7cc6`
2023-12-29T17:11:08.903+09:00 DEBUG 6912 --- [    Test worker] org.hibernate.type.BasicTypeRegistry     : Adding type registration Duration -> basicType@1(java.time.Duration,2)
2023-12-29T17:11:08.904+09:00 DEBUG 6912 --- [    Test worker] org.hibernate.type.BasicTypeRegistry     : Adding type registration java.time.Duration -> basicType@1(java.time.Duration,2)
2023-12-29T17:11:08.908+09:00 DEBUG 6912 --- [    Test worker] org.hibernate.type.BasicTypeRegistry     : Adding type registration org.hibernate.type.OffsetDateTimeType -> basicType@2(java.time.OffsetDateTime,3003)
2023-12-29T17:11:08.908+09:00 DEBUG 6912 --- [    Test worker] org.hibernate.type.BasicTypeRegistry     : Adding type registration OffsetDateTime -> basicType@2(java.time.OffsetDateTime,3003)
2023-12-29T17:11:08.908+09:00 DEBUG 6912 --- [    Test worker] org.hibernate.type.BasicTypeRegistry     : Adding type registration java.time.OffsetDateTime -> basicType@2(java.time.OffsetDateTime,3003)
2023-12-29T17:11:08.908+09:00 DEBUG 6912 --- [    Test worker] org.hibernate.type.BasicTypeRegistry     : Adding type registration org.hibernate.type.ZonedDateTimeType -> basicType@3(java.time.ZonedDateTime,3003)
2023-12-29T17:11:08.908+09:00 DEBUG 6912 --- [    Test worker] org.hibernate.type.BasicTypeRegistry     : Adding type registration ZonedDateTime -> basicType@3(java.time.ZonedDateTime,3003)
2023-12-29T17:11:08.908+09:00 DEBUG 6912 --- [    Test worker] org.hibernate.type.BasicTypeRegistry     : Adding type registration java.time.ZonedDateTime -> basicType@3(java.time.ZonedDateTime,3003)
2023-12-29T17:11:08.909+09:00 DEBUG 6912 --- [    Test worker] org.hibernate.type.BasicTypeRegistry     : Adding type registration org.hibernate.type.OffsetTimeType -> basicType@4(java.time.OffsetTime,3007)
2023-12-29T17:11:08.909+09:00 DEBUG 6912 --- [    Test worker] org.hibernate.type.BasicTypeRegistry     : Adding type registration OffsetTime -> basicType@4(java.time.OffsetTime,3007)
2023-12-29T17:11:08.909+09:00 DEBUG 6912 --- [    Test worker] org.hibernate.type.BasicTypeRegistry     : Adding type registration java.time.OffsetTime -> basicType@4(java.time.OffsetTime,3007)
2023-12-29T17:11:08.911+09:00 DEBUG 6912 --- [    Test worker] o.h.type.spi.TypeConfiguration$Scope     : Scoping TypeConfiguration [org.hibernate.type.spi.TypeConfiguration@49b9ba6a] to MetadataBuildingContext [org.hibernate.boot.internal.MetadataBuildingContextRootImpl@7be62956]
2023-12-29T17:11:09.678+09:00  INFO 6912 --- [    Test worker] o.h.m.i.EntityInstantiatorPojoStandard   : HHH000182: No default (no-argument) constructor for class: Team.project.itda.Entity.FormEntity (class must be instantiated by Interceptor)
2023-12-29T17:11:09.858+09:00  INFO 6912 --- [    Test worker] o.h.e.t.j.p.i.JtaPlatformInitiator       : HHH000489: No JTA platform available (set 'hibernate.transaction.jta.platform' to enable JTA platform integration)
2023-12-29T17:11:09.859+09:00 DEBUG 6912 --- [    Test worker] o.h.type.spi.TypeConfiguration$Scope     : Scoping TypeConfiguration [org.hibernate.type.spi.TypeConfiguration@49b9ba6a] to SessionFactoryImplementor [org.hibernate.internal.SessionFactoryImpl@160cf225]
2023-12-29T17:11:09.883+09:00 DEBUG 6912 --- [    Test worker] org.hibernate.SQL                        : 
    drop table if exists form_entity
2023-12-29T17:11:09.915+09:00 DEBUG 6912 --- [    Test worker] org.hibernate.SQL                        : 
    create table form_entity (
        id bigint not null auto_increment,
        primary key (id)
    ) engine=InnoDB
2023-12-29T17:11:09.954+09:00 TRACE 6912 --- [    Test worker] o.h.type.spi.TypeConfiguration$Scope     : Handling #sessionFactoryCreated from [org.hibernate.internal.SessionFactoryImpl@160cf225] for TypeConfiguration
2023-12-29T17:11:09.954+09:00  INFO 6912 --- [    Test worker] j.LocalContainerEntityManagerFactoryBean : Initialized JPA EntityManagerFactory for persistence unit 'default'
2023-12-29T17:11:10.380+09:00  WARN 6912 --- [    Test worker] JpaBaseConfiguration$JpaWebConfiguration : spring.jpa.open-in-view is enabled by default. Therefore, database queries may be performed during view rendering. Explicitly configure spring.jpa.open-in-view to disable this warning
2023-12-29T17:11:10.855+09:00  INFO 6912 --- [    Test worker] team.project.itda.ItdaApplicationTests   : Started ItdaApplicationTests in 4.902 seconds (process running for 6.23)
]]></system-out>
  <system-err><![CDATA[]]></system-err>
</testsuite>
